Change Component Comment : Designator=? Old Comment=BLUE_PILL New Comment=ATCBUS
Change component parameters: Designator = "?"; Footprint = "ATCBus - basic"; UniqueID = "\FZMGJQYK"
Change component parameters. Clean all parameters for all variants
Change component parameters (AddParameter): Name = "Manufacturer"; Value = "Taiwan"; VariantName = "[No Variations]"
Change component parameters (AddParameter): Name = "Package"; Value = "SIP40"; VariantName = "[No Variations]"
Change component parameters (AddParameter): Name = "Part name"; Value = "2.54mm-40x1-Male Header"; VariantName = "[No Variations]"
Change component parameters (AddParameter): Name = "Part number"; Value = "2.54mm-40x1-MH"; VariantName = "[No Variations]"
Added Component: Designator=P?(JP4)
Add component. Clean all parameters for all variants
Add component (AddParameter): Name = "LatestRevisionDate"; Value = "17-Jul-2002"; VariantName = "[No Variations]"
Add component (AddParameter): Name = "LatestRevisionNote"; Value = "Re-released for DXP Platform."; VariantName = "[No Variations]"
Add component (AddParameter): Name = "Publisher"; Value = "Altium Limited"; VariantName = "[No Variations]"
Added Component: Designator=P?(JP4)
Add component. Clean all parameters for all variants
Add component (AddParameter): Name = "LatestRevisionDate"; Value = "17-Jul-2002"; VariantName = "[No Variations]"
Add component (AddParameter): Name = "LatestRevisionNote"; Value = "Re-released for DXP Platform."; VariantName = "[No Variations]"
Add component (AddParameter): Name = "Publisher"; Value = "Altium Limited"; VariantName = "[No Variations]"
Added Component: Designator=P?(JP4)
Add component. Clean all parameters for all variants
Add component (AddParameter): Name = "LatestRevisionDate"; Value = "17-Jul-2002"; VariantName = "[No Variations]"
Add component (AddParameter): Name = "LatestRevisionNote"; Value = "Re-released for DXP Platform."; VariantName = "[No Variations]"
Add component (AddParameter): Name = "Publisher"; Value = "Altium Limited"; VariantName = "[No Variations]"
Added Pin To Net: NetName=GND Pin=P?-2
Added Pin To Net: NetName=GND Pin=P?-2
Added Pin To Net: NetName=GND Pin=P?-2
Added Net: Name=GND
Added Pin To Net: NetName=NetLabel12 Pin=P?-4
Added Net: Name=NetLabel12
Added Pin To Net: NetName=RX1 Pin=?-P$7
Added Pin To Net: NetName=RX1 Pin=P?-4
Added Net: Name=RX1
Added Pin To Net: NetName=RX2 Pin=?-P$33
Added Pin To Net: NetName=RX2 Pin=P?-3
Added Net: Name=RX2
Added Pin To Net: NetName=SCL1 Pin=?-P$16
Added Pin To Net: NetName=SCL1 Pin=P?-4
Added Net: Name=SCL1
Added Pin To Net: NetName=SDA1 Pin=?-P$15
Added Pin To Net: NetName=SDA1 Pin=P?-3
Added Net: Name=SDA1
Added Pin To Net: NetName=TX1 Pin=?-P$6
Added Pin To Net: NetName=TX1 Pin=P?-3
Added Net: Name=TX1
Added Pin To Net: NetName=TX2 Pin=?-P$34
Added Net: Name=TX2
Added Pin To Net: NetName=VCC Pin=P?-1
Added Pin To Net: NetName=VCC Pin=P?-1
Added Pin To Net: NetName=VCC Pin=P?-1
Added Net: Name=VCC
Added Member To Class: ClassName=Sheet1 Member=Component ? BLUE_PILL
Added Member To Class: ClassName=Sheet1 Member=Component P? Header 4
Added Member To Class: ClassName=Sheet1 Member=Component P? Header 4
Added Member To Class: ClassName=Sheet1 Member=Component P? Header 4
