Added Component: Designator=2(BLUE_PILL)
Add component. Clean all parameters for all variants
Add component (AddParameter): Name = "DeviceName"; Value = ""; VariantName = "[No Variations]"
Add component (AddParameter): Name = "DeviceSetName"; Value = "BLUE_PILL"; VariantName = "[No Variations]"
Add component (AddParameter): Name = "GateName_1"; Value = "G$1"; VariantName = "[No Variations]"
Add component (AddParameter): Name = "LibraryName"; Value = "BluePill"; VariantName = "[No Variations]"
Add component (AddParameter): Name = "Package"; Value = "BLUE_PILL"; VariantName = "[No Variations]"
Add component (AddParameter): Name = "SymbolName_1"; Value = "BLUE_PILL"; VariantName = "[No Variations]"
Added Pin To Net: NetName=TX1 Pin=2-P$6
Added Pin To Net: NetName=RX1 Pin=2-P$7
Added Pin To Net: NetName=SDA1 Pin=2-P$15
Added Pin To Net: NetName=SCL1 Pin=2-P$16
Added Pin To Net: NetName=5v Pin=2-P$18
Added Pin To Net: NetName=GND Pin=2-P$19
Added Pin To Net: NetName=3.3v Pin=2-P$20
Added Pin To Net: NetName=PWM1 Pin=2-P$25
Added Pin To Net: NetName=PWM2 Pin=2-P$26
Added Pin To Net: NetName=IN1 Pin=2-P$27
Added Pin To Net: NetName=IN2 Pin=2-P$28
Added Pin To Net: NetName=IN3 Pin=2-P$29
Added Pin To Net: NetName=IN4 Pin=2-P$30
Added Pin To Net: NetName=PA5 Pin=2-P$31
Added Pin To Net: NetName=PA4 Pin=2-P$32
Added Pin To Net: NetName=TX2 Pin=2-P$34
Added Pin To Net: NetName=RX2 Pin=2-P$35
Added Member To Class: ClassName=Sheet1 Member=Component 2 BLUE_PILL
