Removed Pin From Net: NetName=PWM2 Pin=U1-2
Removed Pin From Net: NetName=PWM1 Pin=U1-3
Removed Pin From Net: NetName=IN1 Pin=U1-4
Removed Pin From Net: NetName=IN2 Pin=U1-5
Removed Pin From Net: NetName=IN3 Pin=U1-6
Removed Pin From Net: NetName=IN4 Pin=U1-7
Added Component: Designator=P2(JP4)
Add component. Clean all parameters for all variants
Add component (AddParameter): Name = "LatestRevisionDate"; Value = "17-Jul-2002"; VariantName = "[No Variations]"
Add component (AddParameter): Name = "LatestRevisionNote"; Value = "Re-released for DXP Platform."; VariantName = "[No Variations]"
Add component (AddParameter): Name = "Publisher"; Value = "Altium Limited"; VariantName = "[No Variations]"
Added Pin To Net: NetName=5v Pin=P2-1
Added Pin To Net: NetName=GND Pin=P2-2
Added Pin To Net: NetName=SCL1 Pin=P2-3
Added Pin To Net: NetName=SDA1 Pin=P2-4
Added Pin To Net: NetName=PWM1 Pin=U1-2
Added Pin To Net: NetName=IN1 Pin=U1-3
Added Pin To Net: NetName=IN2 Pin=U1-4
Added Pin To Net: NetName=IN3 Pin=U1-5
Added Pin To Net: NetName=IN4 Pin=U1-6
Added Pin To Net: NetName=PWM2 Pin=U1-7
Added Member To Class: ClassName=Sheet1 Member=Component P2 Header 4
