Added Component: Designator=2(BLUE_PILL_ADV)
Add component. Clean all parameters for all variants
Add component (AddParameter): Name = "DeviceName"; Value = ""; VariantName = "[No Variations]"
Add component (AddParameter): Name = "DeviceSetName"; Value = "BLUE_PILL"; VariantName = "[No Variations]"
Add component (AddParameter): Name = "GateName_1"; Value = "G$1"; VariantName = "[No Variations]"
Add component (AddParameter): Name = "LibraryName"; Value = "BluePill"; VariantName = "[No Variations]"
Add component (AddParameter): Name = "Package"; Value = "BLUE_PILL"; VariantName = "[No Variations]"
Add component (AddParameter): Name = "SymbolName_1"; Value = "BLUE_PILL"; VariantName = "[No Variations]"
Added Component: Designator=C1(CP1/2.5)
Add component. Clean all parameters for all variants
Add component (AddParameter): Name = "Value"; Value = "100uF"; VariantName = "[No Variations]"
Added Component: Designator=C2(CP1/2.5)
Add component. Clean all parameters for all variants
Add component (AddParameter): Name = "Value"; Value = "100uF"; VariantName = "[No Variations]"
Added Component: Designator=C3(CAP-SM-0805)
Add component. Clean all parameters for all variants
Add component (AddParameter): Name = "Value"; Value = "100pF"; VariantName = "[No Variations]"
Added Component: Designator=C4(CAP-SM-0805)
Add component. Clean all parameters for all variants
Add component (AddParameter): Name = "Value"; Value = "100pF"; VariantName = "[No Variations]"
Added Component: Designator=Cbu(CAP-SM-0805)
Add component. Clean all parameters for all variants
Add component (AddParameter): Name = "Value"; Value = "100nF"; VariantName = "[No Variations]"
Added Component: Designator=D?(LED-3mm)
Add component. Clean all parameters for all variants
Added Component: Designator=H1(LO KHOAN 3MM)
Add component. Clean all parameters for all variants
Added Component: Designator=H2(LO KHOAN 3MM)
Add component. Clean all parameters for all variants
Added Component: Designator=H3(LO KHOAN 3MM)
Add component. Clean all parameters for all variants
Added Component: Designator=H4(LO KHOAN 3MM)
Add component. Clean all parameters for all variants
Added Component: Designator=P3(JP8)
Add component. Clean all parameters for all variants
Add component (AddParameter): Name = "LatestRevisionDate"; Value = "17-Jul-2002"; VariantName = "[No Variations]"
Add component (AddParameter): Name = "LatestRevisionNote"; Value = "Re-released for DXP Platform."; VariantName = "[No Variations]"
Add component (AddParameter): Name = "Publisher"; Value = "Altium Limited"; VariantName = "[No Variations]"
Added Component: Designator=P4(JP4)
Add component. Clean all parameters for all variants
Add component (AddParameter): Name = "LatestRevisionDate"; Value = "17-Jul-2002"; VariantName = "[No Variations]"
Add component (AddParameter): Name = "LatestRevisionNote"; Value = "Re-released for DXP Platform."; VariantName = "[No Variations]"
Add component (AddParameter): Name = "Publisher"; Value = "Altium Limited"; VariantName = "[No Variations]"
Added Component: Designator=P5(JP4)
Add component. Clean all parameters for all variants
Add component (AddParameter): Name = "LatestRevisionDate"; Value = "17-Jul-2002"; VariantName = "[No Variations]"
Add component (AddParameter): Name = "LatestRevisionNote"; Value = "Re-released for DXP Platform."; VariantName = "[No Variations]"
Add component (AddParameter): Name = "Publisher"; Value = "Altium Limited"; VariantName = "[No Variations]"
Added Component: Designator=P6(JP4)
Add component. Clean all parameters for all variants
Add component (AddParameter): Name = "LatestRevisionDate"; Value = "17-Jul-2002"; VariantName = "[No Variations]"
Add component (AddParameter): Name = "LatestRevisionNote"; Value = "Re-released for DXP Platform."; VariantName = "[No Variations]"
Add component (AddParameter): Name = "Publisher"; Value = "Altium Limited"; VariantName = "[No Variations]"
Added Component: Designator=P7(JP4)
Add component. Clean all parameters for all variants
Add component (AddParameter): Name = "LatestRevisionDate"; Value = "17-Jul-2002"; VariantName = "[No Variations]"
Add component (AddParameter): Name = "LatestRevisionNote"; Value = "Re-released for DXP Platform."; VariantName = "[No Variations]"
Add component (AddParameter): Name = "Publisher"; Value = "Altium Limited"; VariantName = "[No Variations]"
Added Component: Designator=P?(DOMINO 2- 5mm)
Add component. Clean all parameters for all variants
Add component (AddParameter): Name = "LatestRevisionDate"; Value = "17-Jul-2002"; VariantName = "[No Variations]"
Add component (AddParameter): Name = "LatestRevisionNote"; Value = "Re-released for DXP Platform."; VariantName = "[No Variations]"
Add component (AddParameter): Name = "Publisher"; Value = "Altium Limited"; VariantName = "[No Variations]"
Added Component: Designator=R1(RES-SM-0805)
Add component. Clean all parameters for all variants
Add component (AddParameter): Name = "Value"; Value = "220R"; VariantName = "[No Variations]"
Added Component: Designator=U1(*DIP762W45P254L2692H420Q20)
Add component. Clean all parameters for all variants
Add component (AddParameter): Name = "Availability"; Value = "Unavailable"; VariantName = "[No Variations]"
Add component (AddParameter): Name = "MF"; Value = "NXP Semiconductors"; VariantName = "[No Variations]"
Add component (AddParameter): Name = "MP"; Value = "74HC245N"; VariantName = "[No Variations]"
Add component (AddParameter): Name = "Package"; Value = "DIP-20 NXP Semiconductors"; VariantName = "[No Variations]"
Add component (AddParameter): Name = "Price"; Value = "None"; VariantName = "[No Variations]"
Add component (AddParameter): Name = "SnapEDA_Link"; Value = "https://www.snapeda.com/parts/74HC245N/NXP%20Semiconductors/view-part/?ref=snap"; VariantName = "[No Variations]"
Add component (AddParameter): Name = "Value"; Value = ""; VariantName = "[No Variations]"
Added Component: Designator=UN1(QTO-220)
Add component. Clean all parameters for all variants
Added Pin To Net: NetName=TX1 Pin=2-P$6
Added Pin To Net: NetName=RX1 Pin=2-P$7
Added Pin To Net: NetName=EN1A Pin=2-P$14
Added Pin To Net: NetName=EN1B Pin=2-P$15
Added Pin To Net: NetName=SDA1 Pin=2-P$16
Added Pin To Net: NetName=SCL1 Pin=2-P$17
Added Pin To Net: NetName=5v Pin=2-P$18
Added Pin To Net: NetName=GND Pin=2-P$19
Added Pin To Net: NetName=3.3v Pin=2-P$20
Added Pin To Net: NetName=IN1 Pin=2-P$25
Added Pin To Net: NetName=IN2 Pin=2-P$26
Added Pin To Net: NetName=IN3 Pin=2-P$27
Added Pin To Net: NetName=IN4 Pin=2-P$28
Added Pin To Net: NetName=EN2A Pin=2-P$29
Added Pin To Net: NetName=EN2B Pin=2-P$30
Added Pin To Net: NetName=PWM1 Pin=2-P$33
Added Pin To Net: NetName=PWM2 Pin=2-P$34
Added Pin To Net: NetName=9v Pin=C1-1
Added Pin To Net: NetName=GND Pin=C1-2
Added Pin To Net: NetName=5v Pin=C2-1
Added Pin To Net: NetName=GND Pin=C2-2
Added Pin To Net: NetName=GND Pin=C3-1
Added Pin To Net: NetName=9v Pin=C3-2
Added Pin To Net: NetName=GND Pin=C4-1
Added Pin To Net: NetName=5v Pin=C4-2
Added Pin To Net: NetName=GND Pin=Cbu-1
Added Pin To Net: NetName=5v Pin=Cbu-2
Added Pin To Net: NetName=5v Pin=D?-1
Added Pin To Net: NetName=NetD?_2 Pin=D?-2
Added Pin To Net: NetName=NetP3_1 Pin=P3-1
Added Pin To Net: NetName=NetP3_2 Pin=P3-2
Added Pin To Net: NetName=NetP3_3 Pin=P3-3
Added Pin To Net: NetName=NetP3_4 Pin=P3-4
Added Pin To Net: NetName=NetP3_5 Pin=P3-5
Added Pin To Net: NetName=NetP3_6 Pin=P3-6
Added Pin To Net: NetName=NetP3_7 Pin=P3-7
Added Pin To Net: NetName=NetP3_8 Pin=P3-8
Added Pin To Net: NetName=5v Pin=P4-1
Added Pin To Net: NetName=GND Pin=P4-2
Added Pin To Net: NetName=TX1 Pin=P4-3
Added Pin To Net: NetName=RX1 Pin=P4-4
Added Pin To Net: NetName=5v Pin=P5-1
Added Pin To Net: NetName=GND Pin=P5-2
Added Pin To Net: NetName=SCL1 Pin=P5-3
Added Pin To Net: NetName=SDA1 Pin=P5-4
Added Pin To Net: NetName=3.3v Pin=P6-1
Added Pin To Net: NetName=EN1A Pin=P6-2
Added Pin To Net: NetName=EN1B Pin=P6-3
Added Pin To Net: NetName=GND Pin=P6-4
Added Pin To Net: NetName=3.3v Pin=P7-1
Added Pin To Net: NetName=EN2A Pin=P7-2
Added Pin To Net: NetName=EN2B Pin=P7-3
Added Pin To Net: NetName=GND Pin=P7-4
Added Pin To Net: NetName=GND Pin=P?-1
Added Pin To Net: NetName=9v Pin=P?-2
Added Pin To Net: NetName=GND Pin=R1-1
Added Pin To Net: NetName=NetD?_2 Pin=R1-2
Added Pin To Net: NetName=5v Pin=U1-1
Added Pin To Net: NetName=PWM2 Pin=U1-2
Added Pin To Net: NetName=IN1 Pin=U1-3
Added Pin To Net: NetName=IN2 Pin=U1-4
Added Pin To Net: NetName=IN3 Pin=U1-5
Added Pin To Net: NetName=IN4 Pin=U1-6
Added Pin To Net: NetName=PWM1 Pin=U1-7
Added Pin To Net: NetName=GND Pin=U1-10
Added Pin To Net: NetName=NetP3_8 Pin=U1-11
Added Pin To Net: NetName=NetP3_7 Pin=U1-12
Added Pin To Net: NetName=NetP3_6 Pin=U1-13
Added Pin To Net: NetName=NetP3_5 Pin=U1-14
Added Pin To Net: NetName=NetP3_4 Pin=U1-15
Added Pin To Net: NetName=NetP3_3 Pin=U1-16
Added Pin To Net: NetName=NetP3_2 Pin=U1-17
Added Pin To Net: NetName=NetP3_1 Pin=U1-18
Added Pin To Net: NetName=GND Pin=U1-19
Added Pin To Net: NetName=5v Pin=U1-20
Added Pin To Net: NetName=9v Pin=UN1-1
Added Pin To Net: NetName=GND Pin=UN1-2
Added Pin To Net: NetName=5v Pin=UN1-3
Added Member To Class: ClassName=Sheet1 Member=Component 2 BLUE_PILL
Added Member To Class: ClassName=Sheet1 Member=Component C1 Cap Pol
Added Member To Class: ClassName=Sheet1 Member=Component C2 Cap Pol
Added Member To Class: ClassName=Sheet1 Member=Component C3 Cap Non-Pol SMD
Added Member To Class: ClassName=Sheet1 Member=Component C4 Cap Non-Pol SMD
Added Member To Class: ClassName=Sheet1 Member=Component Cbu Cap Non-Pol SMD
Added Member To Class: ClassName=Sheet1 Member=Component D? LED
Added Member To Class: ClassName=Sheet1 Member=Component H1 Hole
Added Member To Class: ClassName=Sheet1 Member=Component H2 Hole
Added Member To Class: ClassName=Sheet1 Member=Component H3 Hole
Added Member To Class: ClassName=Sheet1 Member=Component H4 Hole
Added Member To Class: ClassName=Sheet1 Member=Component P3 Header 8
Added Member To Class: ClassName=Sheet1 Member=Component P4 Header 4
Added Member To Class: ClassName=Sheet1 Member=Component P5 Header 4
Added Member To Class: ClassName=Sheet1 Member=Component P6 Header 4
Added Member To Class: ClassName=Sheet1 Member=Component P7 Header 4
Added Member To Class: ClassName=Sheet1 Member=Component P? Domino 2
Added Member To Class: ClassName=Sheet1 Member=Component R1 RESISTOR SMD
Added Member To Class: ClassName=Sheet1 Member=Component U1 74HC245N
Added Member To Class: ClassName=Sheet1 Member=Component UN1 LM7805
