Added Component: Designator=?(PCBComponent_1)
Add component. Clean all parameters for all variants
Add component (AddParameter): Name = "Manufacturer"; Value = "Taiwan"; VariantName = "[No Variations]"
Add component (AddParameter): Name = "Package"; Value = "SIP40"; VariantName = "[No Variations]"
Add component (AddParameter): Name = "Part name"; Value = "2.54mm-40x1-Male Header"; VariantName = "[No Variations]"
Add component (AddParameter): Name = "Part number"; Value = "2.54mm-40x1-MH"; VariantName = "[No Variations]"
Added Component: Designator=P?(JP4)
Add component. Clean all parameters for all variants
Add component (AddParameter): Name = "LatestRevisionDate"; Value = "17-Jul-2002"; VariantName = "[No Variations]"
Add component (AddParameter): Name = "LatestRevisionNote"; Value = "Re-released for DXP Platform."; VariantName = "[No Variations]"
Add component (AddParameter): Name = "Publisher"; Value = "Altium Limited"; VariantName = "[No Variations]"
Added Component: Designator=P?(JP4)
Add component. Clean all parameters for all variants
Add component (AddParameter): Name = "LatestRevisionDate"; Value = "17-Jul-2002"; VariantName = "[No Variations]"
Add component (AddParameter): Name = "LatestRevisionNote"; Value = "Re-released for DXP Platform."; VariantName = "[No Variations]"
Add component (AddParameter): Name = "Publisher"; Value = "Altium Limited"; VariantName = "[No Variations]"
Added Pin To Net: NetName=VCC Pin=P?-1
Added Pin To Net: NetName=VCC Pin=P?-1
Added Pin To Net: NetName=GND Pin=P?-2
Added Pin To Net: NetName=GND Pin=P?-2
Added Pin To Net: NetName=SDA1 Pin=P?-3
Added Pin To Net: NetName=TX1 Pin=P?-3
Added Pin To Net: NetName=RX1 Pin=P?-4
Added Pin To Net: NetName=SCL1 Pin=P?-4
Added Member To Class: ClassName=Sheet1 Member=Component ? BLUE_PILL
Added Member To Class: ClassName=Sheet1 Member=Component ? ATCBUS
Added Member To Class: ClassName=Sheet1 Member=Component P? Header 4
Added Member To Class: ClassName=Sheet1 Member=Component P? Header 4
