Added Component: Designator=H1(LO KHOAN 3MM)
Add component. Clean all parameters for all variants
Added Component: Designator=H2(LO KHOAN 3MM)
Add component. Clean all parameters for all variants
Added Component: Designator=H3(LO KHOAN 3MM)
Add component. Clean all parameters for all variants
Added Component: Designator=H4(LO KHOAN 3MM)
Add component. Clean all parameters for all variants
Added Component: Designator=P2(JP4)
Add component. Clean all parameters for all variants
Add component (AddParameter): Name = "LatestRevisionDate"; Value = "17-Jul-2002"; VariantName = "[No Variations]"
Add component (AddParameter): Name = "LatestRevisionNote"; Value = "Re-released for DXP Platform."; VariantName = "[No Variations]"
Add component (AddParameter): Name = "Publisher"; Value = "Altium Limited"; VariantName = "[No Variations]"
Added Pin To Net: NetName=3.3v Pin=P2-1
Added Pin To Net: NetName=GND Pin=P2-2
Added Pin To Net: NetName=SCL1 Pin=P2-3
Added Pin To Net: NetName=SDA1 Pin=P2-4
Added Member To Class: ClassName=Sheet1 Member=Component H1 Hole
Added Member To Class: ClassName=Sheet1 Member=Component H2 Hole
Added Member To Class: ClassName=Sheet1 Member=Component H3 Hole
Added Member To Class: ClassName=Sheet1 Member=Component H4 Hole
Added Member To Class: ClassName=Sheet1 Member=Component P2 Header 4
